{
  "RSpec": {
    "coverage": {
      "/home/adk/rails-studios/marketplace/app/controllers/admin/main_controller.rb": {
        "lines": [
          1,
          1,
          1,
          null,
          null,
          null,
          null
        ]
      },
      "/home/adk/rails-studios/marketplace/app/controllers/admin/base_controller.rb": {
        "lines": [
          1,
          1,
          null
        ]
      },
      "/home/adk/rails-studios/marketplace/app/controllers/application_controller.rb": {
        "lines": [
          1,
          1,
          null,
          null,
          null,
          1,
          null,
          1,
          0,
          0,
          0,
          0,
          null,
          null,
          null,
          null,
          1,
          null
        ]
      },
      "/home/adk/rails-studios/marketplace/app/controllers/concerns/localization.rb": {
        "lines": [
          null,
          null,
          1,
          1,
          null,
          null,
          1,
          1,
          null,
          1,
          null,
          1,
          4,
          4,
          4,
          null,
          null,
          null,
          1,
          4,
          null,
          4,
          null,
          null,
          1,
          4,
          null,
          4,
          null,
          0,
          null,
          0,
          null,
          0,
          null,
          0,
          null,
          null,
          1,
          null,
          0,
          0,
          0,
          0,
          null,
          0,
          null,
          0,
          null,
          null,
          null,
          null,
          1,
          0,
          0,
          null,
          null,
          1,
          0,
          null,
          null,
          1,
          2,
          null,
          null,
          null,
          null
        ]
      },
      "/home/adk/rails-studios/marketplace/app/controllers/concerns/error_handling.rb": {
        "lines": [
          1,
          1,
          null,
          1,
          1,
          null,
          1,
          null,
          1,
          0,
          0,
          null,
          null,
          null
        ]
      },
      "/home/adk/rails-studios/marketplace/app/controllers/home_controller.rb": {
        "lines": [
          1,
          1,
          null,
          null,
          1,
          null,
          null,
          1,
          null,
          null
        ]
      },
      "/home/adk/rails-studios/marketplace/app/decorators/application_decorator.rb": {
        "lines": [
          0,
          null,
          null,
          null,
          null,
          null,
          null,
          0
        ],
        "branches": {}
      },
      "/home/adk/rails-studios/marketplace/app/helpers/application_helper.rb": {
        "lines": [
          0,
          0,
          0,
          0,
          0,
          null,
          0,
          0,
          0,
          0,
          0,
          0,
          0,
          0,
          0,
          0,
          0,
          0,
          0,
          0,
          null,
          0,
          0,
          0,
          null,
          0,
          0,
          0,
          0,
          0,
          0,
          0,
          0,
          0
        ],
        "branches": {}
      },
      "/home/adk/rails-studios/marketplace/app/helpers/breadcrumbs_helper.rb": {
        "lines": [
          0,
          0,
          0,
          0,
          0,
          0,
          0,
          0,
          null,
          0,
          null,
          0,
          0,
          0,
          0,
          0,
          0,
          0,
          0,
          0,
          0
        ],
        "branches": {}
      },
      "/home/adk/rails-studios/marketplace/app/jobs/application_job.rb": {
        "lines": [
          0,
          null,
          null,
          null,
          null,
          null,
          0
        ],
        "branches": {}
      },
      "/home/adk/rails-studios/marketplace/app/mailers/application_mailer.rb": {
        "lines": [
          0,
          0,
          0,
          0
        ],
        "branches": {}
      },
      "/home/adk/rails-studios/marketplace/app/models/ability.rb": {
        "lines": [
          null,
          null,
          0,
          0,
          null,
          0,
          null,
          null,
          null,
          null,
          null,
          null,
          null,
          null,
          null,
          null,
          null,
          null,
          null,
          null,
          null,
          null,
          null,
          null,
          null,
          null,
          null,
          null,
          null,
          null,
          0,
          0
        ],
        "branches": {}
      },
      "/home/adk/rails-studios/marketplace/app/models/application_record.rb": {
        "lines": [
          0,
          0,
          0
        ],
        "branches": {}
      }
    },
    "timestamp": 1745387892
  }
}
